--------------------------------------------------------------------------------
Release 14.7 Trace  (nt)
Copyright (c) 1995-2013 Xilinx, Inc.  All rights reserved.

D:\programming\14.7\ISE_DS\ISE\bin\nt\unwrapped\trce.exe -intstyle ise -v 3 -s
3 -n 3 -fastpaths -xml demux8.twx demux8.ncd -o demux8.twr demux8.pcf

Design file:              demux8.ncd
Physical constraint file: demux8.pcf
Device,package,speed:     xc7a100t,csg324,C,-3 (PRODUCTION 1.10 2013-10-13)
Report level:             verbose report

Environment Variable      Effect 
--------------------      ------ 
NONE                      No environment variables were set
--------------------------------------------------------------------------------

INFO:Timing:2698 - No timing constraints found, doing default enumeration.
INFO:Timing:3412 - To improve timing, see the Timing Closure User Guide (UG612).
INFO:Timing:2752 - To get complete path coverage, use the unconstrained paths 
   option. All paths that are not constrained will be reported in the 
   unconstrained paths section(s) of the report.
INFO:Timing:3339 - The clock-to-out numbers in this timing report are based on 
   a 50 Ohm transmission line loading model.  For the details of this model, 
   and for more information on accounting for different loading conditions, 
   please see the device datasheet.



Data Sheet report:
-----------------
All values displayed in nanoseconds (ns)

Setup/Hold to clock en
------------+------------+------------+------------+------------+------------------+--------+
            |Max Setup to|  Process   |Max Hold to |  Process   |                  | Clock  |
Source      | clk (edge) |   Corner   | clk (edge) |   Corner   |Internal Clock(s) | Phase  |
------------+------------+------------+------------+------------+------------------+--------+
d_in<0>     |   -0.187(F)|      FAST  |    2.142(F)|      SLOW  |en_BUFGP          |   0.000|
d_in<1>     |   -0.076(F)|      FAST  |    3.273(F)|      SLOW  |en_BUFGP          |   0.000|
d_in<2>     |    0.119(F)|      FAST  |    3.281(F)|      SLOW  |en_BUFGP          |   0.000|
d_in<3>     |    0.085(F)|      FAST  |    3.294(F)|      SLOW  |en_BUFGP          |   0.000|
d_in<4>     |    0.069(F)|      FAST  |    3.281(F)|      SLOW  |en_BUFGP          |   0.000|
d_in<5>     |    0.012(F)|      FAST  |    3.276(F)|      SLOW  |en_BUFGP          |   0.000|
d_in<6>     |    0.299(F)|      FAST  |    3.296(F)|      SLOW  |en_BUFGP          |   0.000|
d_in<7>     |    0.349(F)|      FAST  |    3.282(F)|      SLOW  |en_BUFGP          |   0.000|
sel<0>      |    0.696(F)|      FAST  |    2.402(F)|      SLOW  |en_BUFGP          |   0.000|
sel<1>      |    0.483(F)|      FAST  |    2.652(F)|      SLOW  |en_BUFGP          |   0.000|
------------+------------+------------+------------+------------+------------------+--------+

Clock en to Pad
------------+-----------------+------------+-----------------+------------+------------------+--------+
            |Max (slowest) clk|  Process   |Min (fastest) clk|  Process   |                  | Clock  |
Destination |  (edge) to PAD  |   Corner   |  (edge) to PAD  |   Corner   |Internal Clock(s) | Phase  |
------------+-----------------+------------+-----------------+------------+------------------+--------+
d_out1<0>   |         6.368(F)|      SLOW  |         2.782(F)|      FAST  |en_BUFGP          |   0.000|
d_out1<1>   |         7.770(F)|      SLOW  |         3.179(F)|      FAST  |en_BUFGP          |   0.000|
d_out1<2>   |         7.746(F)|      SLOW  |         3.157(F)|      FAST  |en_BUFGP          |   0.000|
d_out1<3>   |         7.726(F)|      SLOW  |         3.133(F)|      FAST  |en_BUFGP          |   0.000|
d_out1<4>   |         7.790(F)|      SLOW  |         3.202(F)|      FAST  |en_BUFGP          |   0.000|
d_out1<5>   |         7.754(F)|      SLOW  |         3.164(F)|      FAST  |en_BUFGP          |   0.000|
d_out1<6>   |         7.748(F)|      SLOW  |         3.156(F)|      FAST  |en_BUFGP          |   0.000|
d_out1<7>   |         6.371(F)|      SLOW  |         2.787(F)|      FAST  |en_BUFGP          |   0.000|
d_out2<0>   |         6.381(F)|      SLOW  |         2.795(F)|      FAST  |en_BUFGP          |   0.000|
d_out2<1>   |         6.383(F)|      SLOW  |         2.802(F)|      FAST  |en_BUFGP          |   0.000|
d_out2<2>   |         6.385(F)|      SLOW  |         2.804(F)|      FAST  |en_BUFGP          |   0.000|
d_out2<3>   |         6.393(F)|      SLOW  |         2.812(F)|      FAST  |en_BUFGP          |   0.000|
d_out2<4>   |         6.373(F)|      SLOW  |         2.788(F)|      FAST  |en_BUFGP          |   0.000|
d_out2<5>   |         6.374(F)|      SLOW  |         2.789(F)|      FAST  |en_BUFGP          |   0.000|
d_out2<6>   |         6.356(F)|      SLOW  |         2.770(F)|      FAST  |en_BUFGP          |   0.000|
d_out2<7>   |         7.786(F)|      SLOW  |         3.161(F)|      FAST  |en_BUFGP          |   0.000|
d_out3<0>   |         6.380(F)|      SLOW  |         2.793(F)|      FAST  |en_BUFGP          |   0.000|
d_out3<1>   |         6.363(F)|      SLOW  |         2.777(F)|      FAST  |en_BUFGP          |   0.000|
d_out3<2>   |         6.386(F)|      SLOW  |         2.799(F)|      FAST  |en_BUFGP          |   0.000|
d_out3<3>   |         6.382(F)|      SLOW  |         2.796(F)|      FAST  |en_BUFGP          |   0.000|
d_out3<4>   |         6.387(F)|      SLOW  |         2.801(F)|      FAST  |en_BUFGP          |   0.000|
d_out3<5>   |         6.379(F)|      SLOW  |         2.795(F)|      FAST  |en_BUFGP          |   0.000|
d_out3<6>   |         6.391(F)|      SLOW  |         2.804(F)|      FAST  |en_BUFGP          |   0.000|
d_out3<7>   |         6.385(F)|      SLOW  |         2.802(F)|      FAST  |en_BUFGP          |   0.000|
d_out4<0>   |         6.325(F)|      SLOW  |         2.739(F)|      FAST  |en_BUFGP          |   0.000|
d_out4<1>   |         6.384(F)|      SLOW  |         2.797(F)|      FAST  |en_BUFGP          |   0.000|
d_out4<2>   |         6.377(F)|      SLOW  |         2.790(F)|      FAST  |en_BUFGP          |   0.000|
d_out4<3>   |         6.358(F)|      SLOW  |         2.773(F)|      FAST  |en_BUFGP          |   0.000|
d_out4<4>   |         6.387(F)|      SLOW  |         2.800(F)|      FAST  |en_BUFGP          |   0.000|
d_out4<5>   |         6.362(F)|      SLOW  |         2.776(F)|      FAST  |en_BUFGP          |   0.000|
d_out4<6>   |         6.391(F)|      SLOW  |         2.804(F)|      FAST  |en_BUFGP          |   0.000|
d_out4<7>   |         6.383(F)|      SLOW  |         2.799(F)|      FAST  |en_BUFGP          |   0.000|
------------+-----------------+------------+-----------------+------------+------------------+--------+


Analysis completed Mon May 18 15:11:47 2020 
--------------------------------------------------------------------------------

Trace Settings:
-------------------------
Trace Settings 

Peak Memory Usage: 409 MB



